<?xml version="1.0" encoding="UTF-8"?>
<!-- Generated by org.testng.reporters.JUnitXMLReporter -->
<testsuite ignored="1" hostname="DESKTOP-2UOI4C1" failures="0" tests="5" name="Default test" time="0.085" errors="0" timestamp="2026-02-06T15:58:52 IST">
  <testcase classname="TestNGTutorial.Day3" name="mobileLogInCarLoan" time="0.01"/>
  <testcase classname="TestNGTutorial.Day3" name="mobileLogInCarLoan" time="0.003"/>
  <testcase classname="TestNGTutorial.Day3" name="mobileLogInCarLoan" time="0.002"/>
  <testcase classname="TestNGTutorial.Day3" name="mobileSignOutCarLoan" time="0.003"/>
  <testcase classname="TestNGTutorial.Day3" name="APISignInCarLoan" time="0.001"/>
  <testcase classname="TestNGTutorial.Day3" name="webCarLoan" time="0.0">
    <ignored/>
  </testcase> <!-- webCarLoan -->
</testsuite> <!-- Default test -->
