<?xml version="1.0" encoding="UTF-8"?>
<testng-results ignored="0" total="9" passed="9" failed="0" skipped="0">
  <reporter-output>
  </reporter-output>
  <suite started-at="2026-02-05T16:43:40 IST" name="Loan Department" finished-at="2026-02-05T16:43:40 IST" duration-ms="118">
    <groups>
    </groups>
    <test started-at="2026-02-05T16:43:40 IST" name="Personal Loan" finished-at="2026-02-05T16:43:40 IST" duration-ms="118">
      <class name="TestNGTutorial.Day4">
        <test-method signature="mobileHomeLoan()[pri:0, instance:TestNGTutorial.Day4@647e447]" started-at="2026-02-05T16:43:40 IST" name="mobileHomeLoan" finished-at="2026-02-05T16:43:40 IST" duration-ms="2" status="PASS">
          <reporter-output>
          </reporter-output>
        </test-method> <!-- mobileHomeLoan -->
        <test-method signature="webHomeLoan()[pri:0, instance:TestNGTutorial.Day4@647e447]" started-at="2026-02-05T16:43:40 IST" name="webHomeLoan" finished-at="2026-02-05T16:43:40 IST" duration-ms="3" status="PASS">
          <reporter-output>
          </reporter-output>
        </test-method> <!-- webHomeLoan -->
      </class> <!-- TestNGTutorial.Day4 -->
      <class name="TestNGTutorial.Day3">
        <test-method signature="mobileLogInCarLoan()[pri:0, instance:TestNGTutorial.Day3@3427b02d]" started-at="2026-02-05T16:43:40 IST" name="mobileLogInCarLoan" finished-at="2026-02-05T16:43:40 IST" duration-ms="3" status="PASS">
          <reporter-output>
          </reporter-output>
        </test-method> <!-- mobileLogInCarLoan -->
        <test-method signature="mobileSignInCarLoan()[pri:0, instance:TestNGTutorial.Day3@3427b02d]" started-at="2026-02-05T16:43:40 IST" name="mobileSignInCarLoan" finished-at="2026-02-05T16:43:40 IST" duration-ms="4" status="PASS">
          <reporter-output>
          </reporter-output>
        </test-method> <!-- mobileSignInCarLoan -->
        <test-method signature="mobileSignOutCarLoan()[pri:0, instance:TestNGTutorial.Day3@3427b02d]" started-at="2026-02-05T16:43:40 IST" name="mobileSignOutCarLoan" finished-at="2026-02-05T16:43:40 IST" duration-ms="6" status="PASS">
          <reporter-output>
          </reporter-output>
        </test-method> <!-- mobileSignOutCarLoan -->
        <test-method signature="webCarLoan()[pri:0, instance:TestNGTutorial.Day3@3427b02d]" started-at="2026-02-05T16:43:40 IST" name="webCarLoan" finished-at="2026-02-05T16:43:40 IST" duration-ms="2" status="PASS">
          <reporter-output>
          </reporter-output>
        </test-method> <!-- webCarLoan -->
      </class> <!-- TestNGTutorial.Day3 -->
      <class name="TestNGTutorial.Day2">
        <test-method signature="loan()[pri:0, instance:TestNGTutorial.Day2@28eaa59a]" started-at="2026-02-05T16:43:40 IST" name="loan" finished-at="2026-02-05T16:43:40 IST" duration-ms="2" status="PASS">
          <reporter-output>
          </reporter-output>
        </test-method> <!-- loan -->
      </class> <!-- TestNGTutorial.Day2 -->
      <class name="TestNGTutorial.Day1">
        <test-method signature="demo()[pri:0, instance:TestNGTutorial.Day1@15eb5ee5]" started-at="2026-02-05T16:43:40 IST" name="demo" finished-at="2026-02-05T16:43:40 IST" duration-ms="14" status="PASS">
          <reporter-output>
          </reporter-output>
        </test-method> <!-- demo -->
        <test-method signature="secondTest()[pri:0, instance:TestNGTutorial.Day1@15eb5ee5]" started-at="2026-02-05T16:43:40 IST" name="secondTest" finished-at="2026-02-05T16:43:40 IST" duration-ms="2" status="PASS">
          <reporter-output>
          </reporter-output>
        </test-method> <!-- secondTest -->
      </class> <!-- TestNGTutorial.Day1 -->
    </test> <!-- Personal Loan -->
  </suite> <!-- Loan Department -->
</testng-results>
