<?xml version="1.0" encoding="UTF-8"?>
<!-- Generated by org.testng.reporters.JUnitXMLReporter -->
<testsuite ignored="3" hostname="DESKTOP-2UOI4C1" failures="0" tests="1" name="Car Loan" time="0.006" errors="0" timestamp="2026-02-05T16:37:43 IST">
  <testcase classname="TestNGTutorial.Day3" name="webCarLoan" time="0.002"/>
  <testcase classname="TestNGTutorial.Day3" name="mobileLogInCarLoan" time="0.0">
    <ignored/>
  </testcase> <!-- mobileLogInCarLoan -->
  <testcase classname="TestNGTutorial.Day3" name="mobileSignInCarLoan" time="0.0">
    <ignored/>
  </testcase> <!-- mobileSignInCarLoan -->
  <testcase classname="TestNGTutorial.Day3" name="mobileSignOutCarLoan" time="0.0">
    <ignored/>
  </testcase> <!-- mobileSignOutCarLoan -->
</testsuite> <!-- Car Loan -->
