<?xml version="1.0" encoding="UTF-8"?>
<!-- Generated by org.testng.reporters.JUnitXMLReporter -->
<testsuite ignored="2" hostname="DESKTOP-2UOI4C1" failures="0" tests="4" name="Car Loan" time="0.105" errors="0" timestamp="2026-02-06T16:42:26 IST">
  <testcase classname="TestNGTutorial.Day3" name="mobileLogInCarLoan" time="0.012"/>
  <testcase classname="TestNGTutorial.Day3" name="mobileLogInCarLoan" time="0.002"/>
  <testcase classname="TestNGTutorial.Day3" name="mobileLogInCarLoan" time="0.003"/>
  <testcase classname="TestNGTutorial.Day3" name="mobileSignOutCarLoan" time="0.011"/>
  <testcase classname="TestNGTutorial.Day3" name="webCarLoan" time="0.0">
    <ignored/>
  </testcase> <!-- webCarLoan -->
  <testcase classname="TestNGTutorial.Day3" name="APISignInCarLoan" time="0.0">
    <ignored/>
  </testcase> <!-- APISignInCarLoan -->
</testsuite> <!-- Car Loan -->
