<?xml version="1.0" encoding="UTF-8"?>
<!-- Generated by org.testng.reporters.JUnitXMLReporter -->
<testsuite ignored="0" hostname="DESKTOP-2UOI4C1" failures="0" tests="9" name="Personal Loan" time="0.118" errors="0" timestamp="2026-02-05T16:43:40 IST">
  <testcase classname="TestNGTutorial.Day1" name="demo" time="0.014"/>
  <testcase classname="TestNGTutorial.Day1" name="secondTest" time="0.002"/>
  <testcase classname="TestNGTutorial.Day2" name="loan" time="0.002"/>
  <testcase classname="TestNGTutorial.Day3" name="mobileLogInCarLoan" time="0.003"/>
  <testcase classname="TestNGTutorial.Day3" name="mobileSignInCarLoan" time="0.004"/>
  <testcase classname="TestNGTutorial.Day3" name="mobileSignOutCarLoan" time="0.006"/>
  <testcase classname="TestNGTutorial.Day3" name="webCarLoan" time="0.002"/>
  <testcase classname="TestNGTutorial.Day4" name="mobileHomeLoan" time="0.002"/>
  <testcase classname="TestNGTutorial.Day4" name="webHomeLoan" time="0.003"/>
</testsuite> <!-- Personal Loan -->
