<?xml version="1.0" encoding="UTF-8"?>
<!-- Generated by org.testng.reporters.JUnitXMLReporter -->
<testsuite ignored="0" hostname="DESKTOP-2UOI4C1" failures="1" tests="5" name="Personal Loan" time="0.113" errors="0" timestamp="2026-02-06T16:42:26 IST">
  <testcase classname="TestNGTutorial.Day1" name="demo" time="0.019">
    <failure type="java.lang.AssertionError" message="expected [true] but found [false]">
      <![CDATA[java.lang.AssertionError: expected [true] but found [false]
at TestNGTutorial.Day1.demo(Day1.java:19)
at java.base/java.util.ArrayList.forEach(ArrayList.java:1596)
at java.base/java.util.concurrent.FutureTask.run(FutureTask.java:317)
at java.base/java.util.concurrent.ThreadPoolExecutor.runWorker(ThreadPoolExecutor.java:1144)
at java.base/java.util.concurrent.ThreadPoolExecutor$Worker.run(ThreadPoolExecutor.java:642)
at java.base/java.lang.Thread.run(Thread.java:1583)
... Removed 20 stack frames]]>
    </failure>
  </testcase> <!-- demo -->
  <testcase classname="TestNGTutorial.Day1" name="secondTest" time="0.004"/>
  <testcase classname="TestNGTutorial.Day2" name="loan" time="0.01"/>
  <testcase classname="TestNGTutorial.Day4" name="mobileHomeLoan" time="0.002"/>
  <testcase classname="TestNGTutorial.Day4" name="webHomeLoan" time="0.002"/>
</testsuite> <!-- Personal Loan -->
