<?xml version="1.0" encoding="UTF-8"?>
<!-- Generated by org.testng.reporters.JUnitXMLReporter -->
<testsuite ignored="6" hostname="DESKTOP-2UOI4C1" failures="0" tests="3" name="Regression" time="0.064" errors="0" timestamp="2026-02-06T12:43:21 IST">
  <testcase classname="TestNGTutorial.Day1" name="secondTest" time="0.014"/>
  <testcase classname="TestNGTutorial.Day2" name="loan" time="0.001"/>
  <testcase classname="TestNGTutorial.Day4" name="mobileHomeLoan" time="0.002"/>
  <testcase classname="TestNGTutorial.Day3" name="mobileLogInCarLoan" time="0.0">
    <ignored/>
  </testcase> <!-- mobileLogInCarLoan -->
  <testcase classname="TestNGTutorial.Day1" name="demo" time="0.0">
    <ignored/>
  </testcase> <!-- demo -->
  <testcase classname="TestNGTutorial.Day3" name="webCarLoan" time="0.0">
    <ignored/>
  </testcase> <!-- webCarLoan -->
  <testcase classname="TestNGTutorial.Day3" name="mobileSignInCarLoan" time="0.0">
    <ignored/>
  </testcase> <!-- mobileSignInCarLoan -->
  <testcase classname="TestNGTutorial.Day3" name="mobileSignOutCarLoan" time="0.0">
    <ignored/>
  </testcase> <!-- mobileSignOutCarLoan -->
  <testcase classname="TestNGTutorial.Day4" name="webHomeLoan" time="0.0">
    <ignored/>
  </testcase> <!-- webHomeLoan -->
</testsuite> <!-- Regression -->
