<?xml version="1.0" encoding="UTF-8"?>
<!-- Generated by org.testng.reporters.JUnitReportReporter -->
<testsuite hostname="DESKTOP-2UOI4C1" failures="0" tests="4" name="TestNGTutorial.Day3" time="0.015" errors="0" timestamp="2026-02-05T16:43:40 IST" skipped="0">
  <testcase classname="TestNGTutorial.Day3" name="mobileSignInCarLoan" time="0.004"/>
  <system-out/>
  <testcase classname="TestNGTutorial.Day3" name="mobileSignOutCarLoan" time="0.006"/>
  <system-out/>
  <testcase classname="TestNGTutorial.Day3" name="webCarLoan" time="0.002"/>
  <system-out/>
  <testcase classname="TestNGTutorial.Day3" name="mobileLogInCarLoan" time="0.003"/>
  <system-out/>
</testsuite> <!-- TestNGTutorial.Day3 -->
