<?xml version="1.0" encoding="UTF-8"?>
<!-- Generated by org.testng.reporters.JUnitReportReporter -->
<testsuite hostname="DESKTOP-2UOI4C1" failures="0" tests="5" name="TestNGTutorial.Day3" time="0.032" errors="0" timestamp="2026-02-06T16:42:27 IST" skipped="1">
  <testcase classname="TestNGTutorial.Day3" name="mobileLogInCarLoan" time="0.004"/>
  <system-out/>
  <testcase classname="TestNGTutorial.Day3" name="mobileSignOutCarLoan" time="0.012"/>
  <system-out/>
  <testcase classname="TestNGTutorial.Day3" name="mobileLogInCarLoan" time="0.003"/>
  <system-out/>
  <testcase classname="TestNGTutorial.Day3" name="mobileLogInCarLoan" time="0.013"/>
  <system-out/>
  <testcase classname="TestNGTutorial.Day3" name="webCarLoan">
    <skipped/>
  </testcase> <!-- webCarLoan -->
  <system-out/>
</testsuite> <!-- TestNGTutorial.Day3 -->
