<?xml version="1.0" encoding="UTF-8"?>
<!-- Generated by org.testng.reporters.JUnitReportReporter -->
<testsuite hostname="DESKTOP-2UOI4C1" failures="0" tests="2" name="TestNGTutorial.Day4" time="0.004" errors="0" timestamp="2026-02-06T16:42:27 IST" skipped="0">
  <testcase classname="TestNGTutorial.Day4" name="webHomeLoan" time="0.002"/>
  <system-out/>
  <testcase classname="TestNGTutorial.Day4" name="mobileHomeLoan" time="0.002"/>
  <system-out/>
</testsuite> <!-- TestNGTutorial.Day4 -->
